


ARM Macro Assembler    Page 1 


    1 00000000         ; IO.s
    2 00000000         ; Student names: change this to your names or look very 
                       silly
    3 00000000         ; Last modification date: change this to the last modifi
                       cation date or look very silly
    4 00000000         ; Runs on LM4F120/TM4C123
    5 00000000         
    6 00000000         ; EE319K lab 7 device driver for the switch and LED.
    7 00000000         ; You are allowed to use any switch and any LED,
    8 00000000         ; although the Lab suggests the SW1 switch PF4 and Red L
                       ED PF1
    9 00000000         
   10 00000000         ; As part of Lab 7, students need to implement these thr
                       ee functions
   11 00000000         
   12 00000000         ; negative logic SW2 connected to PF0 on the Launchpad
   13 00000000         ; red LED connected to PF1 on the Launchpad
   14 00000000         ; blue LED connected to PF2 on the Launchpad
   15 00000000         ; green LED connected to PF3 on the Launchpad
   16 00000000         ; negative logic SW1 connected to PF4 on the Launchpad
   17 00000000         
   18 00000000                 EXPORT           IO_Init
   19 00000000                 EXPORT           IO_Touch
   20 00000000                 EXPORT           IO_HeartBeat
   21 00000000         
   22 00000000 400253FC 
                       GPIO_PORTF_DATA_R
                               EQU              0x400253FC
   23 00000000 40025400 
                       GPIO_PORTF_DIR_R
                               EQU              0x40025400
   24 00000000 40025420 
                       GPIO_PORTF_AFSEL_R
                               EQU              0x40025420
   25 00000000 40025510 
                       GPIO_PORTF_PUR_R
                               EQU              0x40025510
   26 00000000 4002551C 
                       GPIO_PORTF_DEN_R
                               EQU              0x4002551C
   27 00000000 40025520 
                       GPIO_PORTF_LOCK_R
                               EQU              0x40025520
   28 00000000 40025524 
                       GPIO_PORTF_CR_R
                               EQU              0x40025524
   29 00000000 40025528 
                       GPIO_PORTF_AMSEL_R
                               EQU              0x40025528
   30 00000000 4002552C 
                       GPIO_PORTF_PCTL_R
                               EQU              0x4002552C
   31 00000000 4C4F434B 
                       GPIO_LOCK_KEY
                               EQU              0x4C4F434B  ; Unlocks the GPIO_
                                                            CR register
   32 00000000 40025004 
                       PF0     EQU              0x40025004
   33 00000000 40025008 



ARM Macro Assembler    Page 2 


                       PF1     EQU              0x40025008
   34 00000000 40025010 
                       PF2     EQU              0x40025010
   35 00000000 40025020 
                       PF3     EQU              0x40025020
   36 00000000 40025040 
                       PF4     EQU              0x40025040
   37 00000000 40025038 
                       LEDS    EQU              0x40025038
   38 00000000 00000002 
                       RED     EQU              0x02
   39 00000000 00000004 
                       BLUE    EQU              0x04
   40 00000000 00000008 
                       GREEN   EQU              0x08
   41 00000000 40025044 
                       SWITCHES
                               EQU              0x40025044
   42 00000000 00000010 
                       SW1     EQU              0x10        ; on the left side 
                                                            of the Launchpad bo
                                                            ard
   43 00000000 00000001 
                       SW2     EQU              0x01        ; on the right side
                                                             of the Launchpad b
                                                            oard
   44 00000000 400FE608 
                       SYSCTL_RCGCGPIO_R
                               EQU              0x400FE608
   45 00000000 00026200 
                       delayint
                               EQU              0x26200
   46 00000000         
   47 00000000                 AREA             |.text|, CODE, READONLY, ALIGN=
2
   48 00000000                 THUMB
   49 00000000         
   50 00000000         
   51 00000000         
   52 00000000         ;------------IO_Init------------
   53 00000000         ; Initialize GPIO Port for a switch and an LED
   54 00000000         ; Input: none
   55 00000000         ; Output: none
   56 00000000         ; This is a public function
   57 00000000         ; Invariables: This function must not permanently modify
                        registers R4 to R11
   58 00000000         IO_Init
   59 00000000 481D            LDR              R0,=SYSCTL_RCGCGPIO_R 
                                                            ;Port F clock
   60 00000002 6801            LDR              R1, [R0]
   61 00000004 F041 0120       ORR              R1, #0x20
   62 00000008 6001            STR              R1, [R0]
   63 0000000A BF00            NOP
   64 0000000C BF00            NOP
   65 0000000E         
   66 0000000E 481B            LDR              R0,=GPIO_PORTF_DEN_R ;SW1 = PF4
                                                            , LED = PF1
   67 00000010 6801            LDR              R1, [R0]
   68 00000012 F041 011C       ORR              R1, #0x1C



ARM Macro Assembler    Page 3 


   69 00000016 6001            STR              R1, [R0]
   70 00000018         
   71 00000018 4819            LDR              R0,=GPIO_PORTF_AFSEL_R 
                                                            ;no alt functions
   72 0000001A 6801            LDR              R1, [R0]
   73 0000001C F021 011C       BIC              R1, #0x1C
   74 00000020 6001            STR              R1, [R0]
   75 00000022         
   76 00000022 4818            LDR              R0,=GPIO_PORTF_DIR_R 
                                                            ;Directions
   77 00000024 F021 0110       BIC              R1, #0x10   ;PF4 = in
   78 00000028 F041 010C       ORR              R1, #0x0C   ;PF0 = out
   79 0000002C 6001            STR              R1, [R0]
   80 0000002E         
   81 0000002E 4816            LDR              R0,=GPIO_PORTF_DATA_R 
                                                            ;LED initially on
   82 00000030 6801            LDR              R1, [R0]
   83 00000032 F041 010C       ORR              R1, #0x0C
   84 00000036 6001            STR              R1, [R0]
   85 00000038         
   86 00000038 4814            LDR              R0,=GPIO_PORTF_PUR_R
   87 0000003A 6801            LDR              R1, [R0]
   88 0000003C F041 0110       ORR              R1, #0x10
   89 00000040 6001            STR              R1, [R0]
   90 00000042         
   91 00000042 4770            BX               LR
   92 00000044         ;* * * * * * * * End of IO_Init * * * * * * * *
   93 00000044         
   94 00000044         ;------------IO_HeartBeat------------
   95 00000044         ; Toggle the output state of the LED.
   96 00000044         ; Input: none
   97 00000044         ; Output: none
   98 00000044         ; This is a public function
   99 00000044         ; Invariables: This function must not permanently modify
                        registers R4 to R11
  100 00000044         IO_HeartBeat
  101 00000044 4810            LDR              R0,=GPIO_PORTF_DATA_R
  102 00000046 6801            LDR              R1, [R0]
  103 00000048 F081 010C       EOR              R1, #0x0C
  104 0000004C 6001            STR              R1, [R0]
  105 0000004E         
  106 0000004E 4770            BX               LR          ; return
  107 00000050         ;* * * * * * * * End of IO_HeartBeat * * * * * * * *
  108 00000050         
  109 00000050         ;------------IO_Touch------------
  110 00000050         ; First: wait for the release of the switch
  111 00000050         ; and then: wait for the touch of the switch
  112 00000050         ; Input: none
  113 00000050         ; Input: none
  114 00000050         ; Output: none
  115 00000050         ; This is a public function
  116 00000050         ; Invariables: This function must not permanently modify
                        registers R4 to R11
  117 00000050         IO_Touch
  118 00000050 480D            LDR              R0,=GPIO_PORTF_DATA_R
  119 00000052 6801            LDR              R1, [R0]
  120 00000054 F001 0110       AND              R1, #0x10
  121 00000058 2910            CMP              R1, #0x10
  122 0000005A D0FE            BEQ              IO_Touch



ARM Macro Assembler    Page 4 


  123 0000005C         delayone
  124 0000005C 4A0C            LDR              R2, =delayint
  125 0000005E         againone
  126 0000005E 1E52            SUBS             R2,R2, #0x01
  127 00000060 D1FD            BNE              againone
  128 00000062         Touch
  129 00000062 4809            LDR              R0,=GPIO_PORTF_DATA_R
  130 00000064 6801            LDR              R1, [R0]
  131 00000066 F001 0110       AND              R1, #0x10
  132 0000006A 2900            CMP              R1, #0x00
  133 0000006C D0F9            BEQ              Touch
  134 0000006E         delaytwo
  135 0000006E 4A08            LDR              R2, =delayint
  136 00000070         againtwo
  137 00000070 1E52            SUBS             R2,R2, #0x01
  138 00000072 D1FD            BNE              againtwo
  139 00000074 4770            BX               LR          ; return
  140 00000076         ;* * * * * * * * End of IO_Touch * * * * * * * *
  141 00000076         
  142 00000076 00 00           ALIGN                        ; make sure the end
                                                             of this section is
                                                             aligned
  143 00000078                 END                          ; end of file
              400FE608 
              4002551C 
              40025420 
              40025400 
              400253FC 
              40025510 
              00026200 
Command Line: --debug --xref --cpu=Cortex-M4 --apcs=interwork --depend=.\io.d -
o.\io.o -IC:\Keil\ARM\RV31\INC -IC:\Keil\ARM\CMSIS\Include -IC:\Keil\ARM\Inc\Lu
minary --predefine="__EVAL SETA 1" --predefine="__MICROLIB SETA 1" --list=.\io.
lst IO.s



ARM Macro Assembler    Page 1 Alphabetic symbol ordering
Relocatable symbols

.text 00000000

Symbol: .text
   Definitions
      At line 47 in file IO.s
   Uses
      None
Comment: .text unused
IO_HeartBeat 00000044

Symbol: IO_HeartBeat
   Definitions
      At line 100 in file IO.s
   Uses
      At line 20 in file IO.s
Comment: IO_HeartBeat used once
IO_Init 00000000

Symbol: IO_Init
   Definitions
      At line 58 in file IO.s
   Uses
      At line 18 in file IO.s
Comment: IO_Init used once
IO_Touch 00000050

Symbol: IO_Touch
   Definitions
      At line 117 in file IO.s
   Uses
      At line 19 in file IO.s
      At line 122 in file IO.s

Touch 00000062

Symbol: Touch
   Definitions
      At line 128 in file IO.s
   Uses
      At line 133 in file IO.s
Comment: Touch used once
againone 0000005E

Symbol: againone
   Definitions
      At line 125 in file IO.s
   Uses
      At line 127 in file IO.s
Comment: againone used once
againtwo 00000070

Symbol: againtwo
   Definitions
      At line 136 in file IO.s
   Uses
      At line 138 in file IO.s
Comment: againtwo used once
delayone 0000005C




ARM Macro Assembler    Page 2 Alphabetic symbol ordering
Relocatable symbols

Symbol: delayone
   Definitions
      At line 123 in file IO.s
   Uses
      None
Comment: delayone unused
delaytwo 0000006E

Symbol: delaytwo
   Definitions
      At line 134 in file IO.s
   Uses
      None
Comment: delaytwo unused
9 symbols



ARM Macro Assembler    Page 1 Alphabetic symbol ordering
Absolute symbols

BLUE 00000004

Symbol: BLUE
   Definitions
      At line 39 in file IO.s
   Uses
      None
Comment: BLUE unused
GPIO_LOCK_KEY 4C4F434B

Symbol: GPIO_LOCK_KEY
   Definitions
      At line 31 in file IO.s
   Uses
      None
Comment: GPIO_LOCK_KEY unused
GPIO_PORTF_AFSEL_R 40025420

Symbol: GPIO_PORTF_AFSEL_R
   Definitions
      At line 24 in file IO.s
   Uses
      At line 71 in file IO.s
Comment: GPIO_PORTF_AFSEL_R used once
GPIO_PORTF_AMSEL_R 40025528

Symbol: GPIO_PORTF_AMSEL_R
   Definitions
      At line 29 in file IO.s
   Uses
      None
Comment: GPIO_PORTF_AMSEL_R unused
GPIO_PORTF_CR_R 40025524

Symbol: GPIO_PORTF_CR_R
   Definitions
      At line 28 in file IO.s
   Uses
      None
Comment: GPIO_PORTF_CR_R unused
GPIO_PORTF_DATA_R 400253FC

Symbol: GPIO_PORTF_DATA_R
   Definitions
      At line 22 in file IO.s
   Uses
      At line 81 in file IO.s
      At line 101 in file IO.s
      At line 118 in file IO.s
      At line 129 in file IO.s

GPIO_PORTF_DEN_R 4002551C

Symbol: GPIO_PORTF_DEN_R
   Definitions
      At line 26 in file IO.s
   Uses
      At line 66 in file IO.s
Comment: GPIO_PORTF_DEN_R used once



ARM Macro Assembler    Page 2 Alphabetic symbol ordering
Absolute symbols

GPIO_PORTF_DIR_R 40025400

Symbol: GPIO_PORTF_DIR_R
   Definitions
      At line 23 in file IO.s
   Uses
      At line 76 in file IO.s
Comment: GPIO_PORTF_DIR_R used once
GPIO_PORTF_LOCK_R 40025520

Symbol: GPIO_PORTF_LOCK_R
   Definitions
      At line 27 in file IO.s
   Uses
      None
Comment: GPIO_PORTF_LOCK_R unused
GPIO_PORTF_PCTL_R 4002552C

Symbol: GPIO_PORTF_PCTL_R
   Definitions
      At line 30 in file IO.s
   Uses
      None
Comment: GPIO_PORTF_PCTL_R unused
GPIO_PORTF_PUR_R 40025510

Symbol: GPIO_PORTF_PUR_R
   Definitions
      At line 25 in file IO.s
   Uses
      At line 86 in file IO.s
Comment: GPIO_PORTF_PUR_R used once
GREEN 00000008

Symbol: GREEN
   Definitions
      At line 40 in file IO.s
   Uses
      None
Comment: GREEN unused
LEDS 40025038

Symbol: LEDS
   Definitions
      At line 37 in file IO.s
   Uses
      None
Comment: LEDS unused
PF0 40025004

Symbol: PF0
   Definitions
      At line 32 in file IO.s
   Uses
      None
Comment: PF0 unused
PF1 40025008

Symbol: PF1



ARM Macro Assembler    Page 3 Alphabetic symbol ordering
Absolute symbols

   Definitions
      At line 33 in file IO.s
   Uses
      None
Comment: PF1 unused
PF2 40025010

Symbol: PF2
   Definitions
      At line 34 in file IO.s
   Uses
      None
Comment: PF2 unused
PF3 40025020

Symbol: PF3
   Definitions
      At line 35 in file IO.s
   Uses
      None
Comment: PF3 unused
PF4 40025040

Symbol: PF4
   Definitions
      At line 36 in file IO.s
   Uses
      None
Comment: PF4 unused
RED 00000002

Symbol: RED
   Definitions
      At line 38 in file IO.s
   Uses
      None
Comment: RED unused
SW1 00000010

Symbol: SW1
   Definitions
      At line 42 in file IO.s
   Uses
      None
Comment: SW1 unused
SW2 00000001

Symbol: SW2
   Definitions
      At line 43 in file IO.s
   Uses
      None
Comment: SW2 unused
SWITCHES 40025044

Symbol: SWITCHES
   Definitions
      At line 41 in file IO.s
   Uses



ARM Macro Assembler    Page 4 Alphabetic symbol ordering
Absolute symbols

      None
Comment: SWITCHES unused
SYSCTL_RCGCGPIO_R 400FE608

Symbol: SYSCTL_RCGCGPIO_R
   Definitions
      At line 44 in file IO.s
   Uses
      At line 59 in file IO.s
Comment: SYSCTL_RCGCGPIO_R used once
delayint 00026200

Symbol: delayint
   Definitions
      At line 45 in file IO.s
   Uses
      At line 124 in file IO.s
      At line 135 in file IO.s

24 symbols
367 symbols in table
