


ARM Macro Assembler    Page 1 


    1 00000000         ; Print.s
    2 00000000         ; Student names: change this to your names or look very 
                       silly
    3 00000000         ; Last modification date: change this to the last modifi
                       cation date or look very silly
    4 00000000         ; Runs on LM4F120 or TM4C123
    5 00000000         ; EE319K lab 7 device driver for any LCD
    6 00000000         ;
    7 00000000         ; As part of Lab 7, students need to implement these LCD
                       _OutDec and LCD_OutFix
    8 00000000         ; This driver assumes two low-level LCD functions
    9 00000000         ; ST7735_OutChar   outputs a single 8-bit ASCII characte
                       r
   10 00000000         ; ST7735_OutString outputs a null-terminated string 
   11 00000000         
   12 00000000                 IMPORT           ST7735_OutChar
   13 00000000                 IMPORT           ST7735_OutString
   14 00000000                 EXPORT           LCD_OutDec
   15 00000000                 EXPORT           LCD_OutFix
   16 00000000                 PRESERVE8
   17 00000000         
   18 00000000                 AREA             |.text|, CODE, READONLY, ALIGN=
2
   19 00000000                 THUMB
   20 00000000 0000000A 
                       tennum  EQU              10
   21 00000000 00000001 
                       onenum  EQU              1
   22 00000000 00000003 
                       count   EQU              3
   23 00000000 00000000 
                       counter EQU              0           ;local variable bin
                                                            ding
   24 00000000 00000000 
                       counterfix
                               EQU              0
   25 00000000         
   26 00000000         
   27 00000000         
   28 00000000         ;-----------------------LCD_OutDec----------------------
                       -
   29 00000000         ; Output a 32-bit number in unsigned decimal format
   30 00000000         ; Input: R0 (call by value) 32-bit unsigned number
   31 00000000         ; Output: none
   32 00000000         ; Invariables: This function must not permanently modify
                        registers R4 to R11
   33 00000000         LCD_OutDec
   34 00000000 B410            PUSH             {R4}        ;allocation
   35 00000002 46EC            MOV              R12, SP     ;R12 is the frame r
                                                            egister
   36 00000004 E92D 0FF0       PUSH             {R4-R11}
   37 00000008 B500            PUSH             {LR}
   38 0000000A F8DC 4000       LDR              R4, [R12,#counter] ;R12,#counte
                                                            r is the counter
   39 0000000E F04F 0400       MOV              R4, #0
   40 00000012 F8CC 4000       STR              R4, [R12,#counter] ;initialize 
                                                            local variable
   41 00000016         again
   42 00000016 F04F 010A       LDR              R1,=tennum



ARM Macro Assembler    Page 2 


   43 0000001A F000 F810       BL               remainder
   44 0000001E 2800            CMP              R0, #0      ;stop pushing when 
                                                            the last digit is i
                                                            n and subtracted (R
                                                            0 = 0)
   45 00000020 D1F9            BNE              again
   46 00000022         decagain                             ;for outputting the
                                                             numbers from the s
                                                            tack
   47 00000022 F8DC 4000       LDR              R4, [R12,#counter]
   48 00000026 2C00            CMP              R4, #0
   49 00000028 D01D            BEQ              leavedec
   50 0000002A BC01            POP              {R0}
   51 0000002C F7FF FFFE       BL               ST7735_OutChar
   52 00000030 F8DC 4000       LDR              R4, [R12,#counter]
   53 00000034 F1A4 0401       SUB              R4, #1
   54 00000038 F8CC 4000       STR              R4, [R12,#counter] ;decrement e
                                                            ach time through to
                                                             write correct numb
                                                            er of digits
   55 0000003C E7F1            B                decagain
   56 0000003E         remainder                            ;for putting the nu
                                                            mbers on the stack
   57 0000003E FBB0 F2F1       UDIV             R2, R0, R1  ;if 627, R3 = 7 at 
                                                            the end
   58 00000042 FB02 F301       MUL              R3,R2,R1
   59 00000046 EBA0 0303       SUB              R3,R0,R3
   60 0000004A EBA0 0003       SUB              R0, R0, R3
   61 0000004E FBB0 F0F1       UDIV             R0, R0, R1  ;subtracts remainde
                                                            r and moves to leas
                                                            t significant
   62 00000052 F8DC 4000       LDR              R4, [R12,#counter]
   63 00000056 F104 0401       ADD              R4, #1
   64 0000005A F8CC 4000       STR              R4, [R12,#counter] ;increment c
                                                            ounter each time th
                                                            rough
   65 0000005E F103 0330       ADD              R3, #0x30
   66 00000062 B408            PUSH             {R3}
   67 00000064 4770            BX               LR
   68 00000066         leavedec
   69 00000066 F85D EB04       POP              {LR}
   70 0000006A E8BD 0FF0       POP              {R4-R11}
   71 0000006E B001            ADD              SP, #4
   72 00000070         
   73 00000070 4770            BX               LR
   74 00000072         
   75 00000072 00 00           ALIGN
   76 00000074         
   77 00000074         ;* * * * * * * * End of LCD_OutDec * * * * * * * *
   78 00000074         
   79 00000074         ; -----------------------LCD _OutFix--------------------
                       --
   80 00000074         ; Output characters to LCD display in fixed-point format
                       
   81 00000074         ; unsigned decimal, resolution 0.001, range 0.000 to 9.9
                       99
   82 00000074         ; Inputs:  R0 is an unsigned 32-bit number
   83 00000074         ; Outputs: none
   84 00000074         ; E.g., R0=0,    then output "0.000 "



ARM Macro Assembler    Page 3 


   85 00000074         ;       R0=3,    then output "0.003 "
   86 00000074         ;       R0=89,   then output "0.089 "
   87 00000074         ;       R0=123,  then output "0.123 "
   88 00000074         ;       R0=9999, then output "9.999 "
   89 00000074         ;       R0>9999, then output "*.*** "
   90 00000074         ; Invariables: This function must not permanently modify
                        registers R4 to R11
   91 00000074         LCD_OutFix
   92 00000074 B410            PUSH             {R4}        ;allocation
   93 00000076 46EC            MOV              R12, SP     ;R12 is the frame r
                                                            egister
   94 00000078 E92D 0FF0       PUSH             {R4-R11}
   95 0000007C B500            PUSH             {LR}
   96 0000007E F8DC 4000       LDR              R4, [R12,#counterfix] ;R12,#cou
                                                            nter is the counter
                                                            
   97 00000082 F04F 0400       MOV              R4, #0
   98 00000086 F8CC 4000       STR              R4, [R12,#counterfix] ;initiali
                                                            ze local variable t
                                                            o 4
   99 0000008A F04F 010A       LDR              R1,=tennum
  100 0000008E FBB0 F3F1       UDIV             R3, R0, R1
  101 00000092 FBB3 F3F1       UDIV             R3, R3, R1
  102 00000096 FBB3 F3F1       UDIV             R3, R3, R1
  103 0000009A 2B0A            CMP              R3, #10
  104 0000009C D222            BHS              stars
  105 0000009E         againfix
  106 0000009E F04F 010A       LDR              R1,=tennum
  107 000000A2 F000 F840       BL               remainderfix
  108 000000A6 2800            CMP              R0, #0
  109 000000A8 D1F9            BNE              againfix
  110 000000AA F8DC 4000       LDR              R4, [R12, #counterfix]
  111 000000AE 2C04            CMP              R4, #4
  112 000000B0 D12D            BNE              notyet
  113 000000B2         startprint
  114 000000B2 F04F 0403       MOV              R4, #3
  115 000000B6 F8CC 4000       STR              R4, [R12,#counterfix]
  116 000000BA BC01            POP              {R0}
  117 000000BC F7FF FFFE       BL               ST7735_OutChar
  118 000000C0 F04F 002E       MOV              R0, #0x2E   ;the decimal point
  119 000000C4 F7FF FFFE       BL               ST7735_OutChar
  120 000000C8         printfix
  121 000000C8 F8DC 4000       LDR              R4, [R12,#counterfix]
  122 000000CC 2C00            CMP              R4, #0
  123 000000CE D03E            BEQ              leavefix
  124 000000D0 BC01            POP              {R0}
  125 000000D2 F7FF FFFE       BL               ST7735_OutChar
  126 000000D6 F8DC 4000       LDR              R4, [R12,#counterfix]
  127 000000DA F1A4 0401       SUB              R4, #1
  128 000000DE F8CC 4000       STR              R4, [R12,#counterfix]
  129 000000E2 E7F1            B                printfix
  130 000000E4         stars
  131 000000E4 F04F 002A       MOV              R0, #0x2A
  132 000000E8 F7FF FFFE       BL               ST7735_OutChar
  133 000000EC F04F 002E       MOV              R0, #0x2E
  134 000000F0 F7FF FFFE       BL               ST7735_OutChar
  135 000000F4 F04F 002A       MOV              R0, #0x2A
  136 000000F8 F7FF FFFE       BL               ST7735_OutChar
  137 000000FC F04F 002A       MOV              R0, #0x2A



ARM Macro Assembler    Page 4 


  138 00000100 F7FF FFFE       BL               ST7735_OutChar
  139 00000104 F04F 002A       MOV              R0, #0x2A
  140 00000108 F7FF FFFE       BL               ST7735_OutChar
  141 0000010C E01F            B                leavefix
  142 0000010E         notyet
  143 0000010E F04F 0330       MOV              R3, #0x30
  144 00000112 B408            PUSH             {R3}
  145 00000114 F8DC 4000       LDR              R4, [R12,#counterfix]
  146 00000118 F104 0401       ADD              R4, #1
  147 0000011C F8CC 4000       STR              R4, [R12,#counterfix]
  148 00000120 2C04            CMP              R4, #4
  149 00000122 D1F4            BNE              notyet
  150 00000124 E7C5            B                startprint
  151 00000126         remainderfix                         ;for putting the nu
                                                            mbers on the stack
  152 00000126 FBB0 F2F1       UDIV             R2, R0, R1  ;if 627, R3 = 7 at 
                                                            the end
  153 0000012A FB02 F301       MUL              R3,R2,R1
  154 0000012E EBA0 0303       SUB              R3,R0,R3
  155 00000132 EBA0 0003       SUB              R0, R0, R3
  156 00000136 FBB0 F0F1       UDIV             R0, R0, R1  ;subtracts remainde
                                                            r and moves to leas
                                                            t significant
  157 0000013A F8DC 4000       LDR              R4, [R12,#counterfix]
  158 0000013E F104 0401       ADD              R4, #1
  159 00000142 F8CC 4000       STR              R4, [R12,#counterfix] ;incremen
                                                            t counter each time
                                                             through
  160 00000146 F103 0330       ADD              R3, #0x30
  161 0000014A B408            PUSH             {R3}
  162 0000014C 4770            BX               LR
  163 0000014E         leavefix
  164 0000014E F85D EB04       POP              {LR}
  165 00000152 E8BD 0FF0       POP              {R4-R11}
  166 00000156 B001            ADD              SP, #4
  167 00000158         
  168 00000158 4770            BX               LR
  169 0000015A         
  170 0000015A 00 00           ALIGN
  171 0000015C         ;* * * * * * * * End of LCD_OutFix * * * * * * * *
  172 0000015C         
  173 0000015C                 ALIGN                        ; make sure the end
                                                             of this section is
                                                             aligned
  174 0000015C                 END                          ; end of file
Command Line: --debug --xref --cpu=Cortex-M4 --apcs=interwork --depend=.\print.
d -o.\print.o -IC:\Keil\ARM\RV31\INC -IC:\Keil\ARM\CMSIS\Include -IC:\Keil\ARM\
Inc\Luminary --predefine="__EVAL SETA 1" --predefine="__MICROLIB SETA 1" --list
=.\print.lst Print.s



ARM Macro Assembler    Page 1 Alphabetic symbol ordering
Relocatable symbols

.text 00000000

Symbol: .text
   Definitions
      At line 18 in file Print.s
   Uses
      None
Comment: .text unused
LCD_OutDec 00000000

Symbol: LCD_OutDec
   Definitions
      At line 33 in file Print.s
   Uses
      At line 14 in file Print.s
Comment: LCD_OutDec used once
LCD_OutFix 00000074

Symbol: LCD_OutFix
   Definitions
      At line 91 in file Print.s
   Uses
      At line 15 in file Print.s
Comment: LCD_OutFix used once
again 00000016

Symbol: again
   Definitions
      At line 41 in file Print.s
   Uses
      At line 45 in file Print.s
Comment: again used once
againfix 0000009E

Symbol: againfix
   Definitions
      At line 105 in file Print.s
   Uses
      At line 109 in file Print.s
Comment: againfix used once
decagain 00000022

Symbol: decagain
   Definitions
      At line 46 in file Print.s
   Uses
      At line 55 in file Print.s
Comment: decagain used once
leavedec 00000066

Symbol: leavedec
   Definitions
      At line 68 in file Print.s
   Uses
      At line 49 in file Print.s
Comment: leavedec used once
leavefix 0000014E

Symbol: leavefix



ARM Macro Assembler    Page 2 Alphabetic symbol ordering
Relocatable symbols

   Definitions
      At line 163 in file Print.s
   Uses
      At line 123 in file Print.s
      At line 141 in file Print.s

notyet 0000010E

Symbol: notyet
   Definitions
      At line 142 in file Print.s
   Uses
      At line 112 in file Print.s
      At line 149 in file Print.s

printfix 000000C8

Symbol: printfix
   Definitions
      At line 120 in file Print.s
   Uses
      At line 129 in file Print.s
Comment: printfix used once
remainder 0000003E

Symbol: remainder
   Definitions
      At line 56 in file Print.s
   Uses
      At line 43 in file Print.s
Comment: remainder used once
remainderfix 00000126

Symbol: remainderfix
   Definitions
      At line 151 in file Print.s
   Uses
      At line 107 in file Print.s
Comment: remainderfix used once
stars 000000E4

Symbol: stars
   Definitions
      At line 130 in file Print.s
   Uses
      At line 104 in file Print.s
Comment: stars used once
startprint 000000B2

Symbol: startprint
   Definitions
      At line 113 in file Print.s
   Uses
      At line 150 in file Print.s
Comment: startprint used once
14 symbols



ARM Macro Assembler    Page 1 Alphabetic symbol ordering
Absolute symbols

count 00000003

Symbol: count
   Definitions
      At line 22 in file Print.s
   Uses
      None
Comment: count unused
counter 00000000

Symbol: counter
   Definitions
      At line 23 in file Print.s
   Uses
      At line 38 in file Print.s
      At line 40 in file Print.s
      At line 47 in file Print.s
      At line 52 in file Print.s
      At line 54 in file Print.s
      At line 62 in file Print.s
      At line 64 in file Print.s

counterfix 00000000

Symbol: counterfix
   Definitions
      At line 24 in file Print.s
   Uses
      At line 96 in file Print.s
      At line 98 in file Print.s
      At line 110 in file Print.s
      At line 115 in file Print.s
      At line 121 in file Print.s
      At line 126 in file Print.s
      At line 128 in file Print.s
      At line 145 in file Print.s
      At line 147 in file Print.s
      At line 157 in file Print.s
      At line 159 in file Print.s

onenum 00000001

Symbol: onenum
   Definitions
      At line 21 in file Print.s
   Uses
      None
Comment: onenum unused
tennum 0000000A

Symbol: tennum
   Definitions
      At line 20 in file Print.s
   Uses
      At line 42 in file Print.s
      At line 99 in file Print.s
      At line 106 in file Print.s

5 symbols



ARM Macro Assembler    Page 1 Alphabetic symbol ordering
External symbols

ST7735_OutChar 00000000

Symbol: ST7735_OutChar
   Definitions
      At line 12 in file Print.s
   Uses
      At line 51 in file Print.s
      At line 117 in file Print.s
      At line 119 in file Print.s
      At line 125 in file Print.s
      At line 132 in file Print.s
      At line 134 in file Print.s
      At line 136 in file Print.s
      At line 138 in file Print.s
      At line 140 in file Print.s

ST7735_OutString 00000000

Symbol: ST7735_OutString
   Definitions
      At line 13 in file Print.s
   Uses
      None
Comment: ST7735_OutString unused
2 symbols
353 symbols in table
