


ARM Macro Assembler    Page 1 


    1 00000000         ;****************** main.s ***************
    2 00000000         ; Program written by: Akaash Chikarmane
    3 00000000         ; Date Created: 1/22/2016 
    4 00000000         ; Last Modified: 2/12/2016 
    5 00000000         ; Section Tuesday 2-3
    6 00000000         ; Instructor: Ramesh Yerraballi
    7 00000000         ; Lab number: 2
    8 00000000         ; Brief description of the program
    9 00000000         ; The overall objective of this system an interactive al
                       arm
   10 00000000         ; Hardware connections
   11 00000000         ;  PF4 is switch input  (1 means SW1 is not pressed, 0 m
                       eans SW1 is pressed)
   12 00000000         ;  PF3 is LED output (1 activates green LED) 
   13 00000000         ; The specific operation of this system 
   14 00000000         ;    1) Make PF3 an output and make PF4 an input (enable
                        PUR for PF4). 
   15 00000000         ;    2) The system starts with the LED OFF (make PF3 =0)
                       . 
   16 00000000         ;    3) Delay for about 100 ms
   17 00000000         ;    4) If the switch is pressed (PF4 is 0), then toggle
                        the LED once, else turn the LED OFF. 
   18 00000000         ;    5) Repeat steps 3 and 4 over and over
   19 00000000         
   20 00000000 400253FC 
                       GPIO_PORTF_DATA_R
                               EQU              0x400253FC
   21 00000000 40025400 
                       GPIO_PORTF_DIR_R
                               EQU              0x40025400
   22 00000000 40025420 
                       GPIO_PORTF_AFSEL_R
                               EQU              0x40025420
   23 00000000 40025510 
                       GPIO_PORTF_PUR_R
                               EQU              0x40025510
   24 00000000 4002551C 
                       GPIO_PORTF_DEN_R
                               EQU              0x4002551C
   25 00000000 40025528 
                       GPIO_PORTF_AMSEL_R
                               EQU              0x40025528
   26 00000000 4002552C 
                       GPIO_PORTF_PCTL_R
                               EQU              0x4002552C
   27 00000000 400FE608 
                       SYSCTL_RCGCGPIO_R
                               EQU              0x400FE608
   28 00000000         
   29 00000000                 AREA             |.text|, CODE, READONLY, ALIGN=
2
   30 00000000                 THUMB
   31 00000000                 EXPORT           Start
   32 00000000         Start
   33 00000000 4820            LDR              R0,=SYSCTL_RCGCGPIO_R
   34 00000002 6801            LDR              R1, [R0]
   35 00000004 F041 0120       ORR              R1, #0x20   ;enable clock for P
                                                            ort F (0010 0000)
   36 00000008 6001            STR              R1, [R0]



ARM Macro Assembler    Page 2 


   37 0000000A BF00            NOP                          ;stabilize clock
   38 0000000C BF00            NOP
   39 0000000E         
   40 0000000E 481E            LDR              R0,=GPIO_PORTF_DEN_R
   41 00000010 6801            LDR              R1, [R0]
   42 00000012 F041 011E       ORR              R1, #0x1E   ;enable digital I/O
                                                             for PF3, PF4
   43 00000016 6001            STR              R1, [R0]
   44 00000018         
   45 00000018 481C            LDR              R0,=GPIO_PORTF_DIR_R
   46 0000001A 6801            LDR              R1, [R0]
   47 0000001C F041 010E       ORR              R1, #0x0E   ;PF3=output
   48 00000020 F021 0110       BIC              R1, #0x10   ;PF4=input
   49 00000024 6001            STR              R1, [R0]
   50 00000026         
   51 00000026 481A            LDR              R0,=GPIO_PORTF_AFSEL_R
   52 00000028 6801            LDR              R1, [R0]
   53 0000002A F021 011E       BIC              R1, #0x1E   ;no alternate funct
                                                            ion for PF3,4
   54 0000002E 6001            STR              R1, [R0]
   55 00000030         
   56 00000030 4818            LDR              R0,=GPIO_PORTF_PUR_R
   57 00000032 6801            LDR              R1, [R0]
   58 00000034 F041 0110       ORR              R1, #0x10   ;PUR enable for PF4
                                                            
   59 00000038 6001            STR              R1, [R0]
   60 0000003A         
   61 0000003A 4817            LDR              R0,=GPIO_PORTF_DATA_R
   62 0000003C 6801            LDR              R1, [R0]
   63 0000003E F021 010E       BIC              R1, #0x0E   ;LED is initially o
                                                            ff
   64 00000042 6001            STR              R1, [R0]
   65 00000044         loop
   66 00000044 F000 F816       BL               DELAY
   67 00000048         
   68 00000048 4813            LDR              R0,=GPIO_PORTF_DATA_R
   69 0000004A 6801            LDR              R1, [R0]    ;read the switch (R
                                                            1 = adjusting PF3)
   70 0000004C 460A            MOV              R2, R1      ;R2 = checking PF4
   71 0000004E 460B            MOV              R3, R1      ;R3 = original data
                                                            
   72 00000050 F002 0210       AND              R2, #0x10   ;clear all but PF4
   73 00000054 3A10            SUBS             R2, #0x10
   74 00000056         
   75 00000056 D009            BEQ              CLEAR       ;if PF4 = 1, clear 
                                                            PF3
   76 00000058 F001 010E       AND              R1, #0x0E   ;clear all but PF3
   77 0000005C F081 010E       EOR              R1, #0x0E   ;toggle PF3
   78 00000060 F023 030E       BIC              R3, #0x0E   ;clear original PF3
                                                            
   79 00000064 EA41 0303       ORR              R3, R1, R3  ;recombine
   80 00000068 6003            STR              R3, [R0]
   81 0000006A E7EB            B                loop
   82 0000006C         
   83 0000006C         CLEAR
   84 0000006C F023 030E       BIC              R3, #0x0E
   85 00000070 6003            STR              R3, [R0]
   86 00000072 E7E7            B                loop
   87 00000074         



ARM Macro Assembler    Page 3 


   88 00000074 4809    DELAY   LDR              R0,=COUNT   ;start of delay sub
                                                            routine *16000 cycl
                                                            es/ms
   89 00000076 6801            LDR              R1, [R0]
   90 00000078 1E49    REPEAT  SUBS             R1, R1, #1
   91 0000007A D1FD            BNE              REPEAT
   92 0000007C 4770            BX               LR
   93 0000007E         
   94 0000007E 00 00 00061A80 
                       COUNT   DCD              400000
   95 00000084         
   96 00000084                 ALIGN                        ; make sure the end
                                                             of this section is
                                                             aligned
   97 00000084                 END                          ; end of file
              400FE608 
              4002551C 
              40025400 
              40025420 
              40025510 
              400253FC 
              00000000 
Command Line: --debug --xref --cpu=Cortex-M4 --apcs=interwork --depend=.\main.d
 -o.\main.o -IC:\Keil\ARM\RV31\INC -IC:\Keil\ARM\CMSIS\Include -IC:\Keil\ARM\In
c\Luminary --predefine="__EVAL SETA 1" --list=.\main.lst main.s



ARM Macro Assembler    Page 1 Alphabetic symbol ordering
Relocatable symbols

.text 00000000

Symbol: .text
   Definitions
      At line 29 in file main.s
   Uses
      None
Comment: .text unused
CLEAR 0000006C

Symbol: CLEAR
   Definitions
      At line 83 in file main.s
   Uses
      At line 75 in file main.s
Comment: CLEAR used once
COUNT 00000080

Symbol: COUNT
   Definitions
      At line 94 in file main.s
   Uses
      At line 88 in file main.s
Comment: COUNT used once
DELAY 00000074

Symbol: DELAY
   Definitions
      At line 88 in file main.s
   Uses
      At line 66 in file main.s
Comment: DELAY used once
REPEAT 00000078

Symbol: REPEAT
   Definitions
      At line 90 in file main.s
   Uses
      At line 91 in file main.s
Comment: REPEAT used once
Start 00000000

Symbol: Start
   Definitions
      At line 32 in file main.s
   Uses
      At line 31 in file main.s
Comment: Start used once
loop 00000044

Symbol: loop
   Definitions
      At line 65 in file main.s
   Uses
      At line 81 in file main.s
      At line 86 in file main.s

7 symbols



ARM Macro Assembler    Page 1 Alphabetic symbol ordering
Absolute symbols

GPIO_PORTF_AFSEL_R 40025420

Symbol: GPIO_PORTF_AFSEL_R
   Definitions
      At line 22 in file main.s
   Uses
      At line 51 in file main.s
Comment: GPIO_PORTF_AFSEL_R used once
GPIO_PORTF_AMSEL_R 40025528

Symbol: GPIO_PORTF_AMSEL_R
   Definitions
      At line 25 in file main.s
   Uses
      None
Comment: GPIO_PORTF_AMSEL_R unused
GPIO_PORTF_DATA_R 400253FC

Symbol: GPIO_PORTF_DATA_R
   Definitions
      At line 20 in file main.s
   Uses
      At line 61 in file main.s
      At line 68 in file main.s

GPIO_PORTF_DEN_R 4002551C

Symbol: GPIO_PORTF_DEN_R
   Definitions
      At line 24 in file main.s
   Uses
      At line 40 in file main.s
Comment: GPIO_PORTF_DEN_R used once
GPIO_PORTF_DIR_R 40025400

Symbol: GPIO_PORTF_DIR_R
   Definitions
      At line 21 in file main.s
   Uses
      At line 45 in file main.s
Comment: GPIO_PORTF_DIR_R used once
GPIO_PORTF_PCTL_R 4002552C

Symbol: GPIO_PORTF_PCTL_R
   Definitions
      At line 26 in file main.s
   Uses
      None
Comment: GPIO_PORTF_PCTL_R unused
GPIO_PORTF_PUR_R 40025510

Symbol: GPIO_PORTF_PUR_R
   Definitions
      At line 23 in file main.s
   Uses
      At line 56 in file main.s
Comment: GPIO_PORTF_PUR_R used once
SYSCTL_RCGCGPIO_R 400FE608




ARM Macro Assembler    Page 2 Alphabetic symbol ordering
Absolute symbols

Symbol: SYSCTL_RCGCGPIO_R
   Definitions
      At line 27 in file main.s
   Uses
      At line 33 in file main.s
Comment: SYSCTL_RCGCGPIO_R used once
8 symbols
348 symbols in table
