


ARM Macro Assembler    Page 1 


    1 00000000         ; SysTick.s
    2 00000000         ; Runs on LM4F120/TM4C123
    3 00000000         ; Provide functions that initialize the SysTick module, 
                       wait at least a
    4 00000000         ; designated number of clock cycles, and wait approximat
                       ely a multiple
    5 00000000         ; of 10 milliseconds using busy wait.  After a power-on-
                       reset, the
    6 00000000         ; LM4F120 gets its clock from the 16 MHz precision inter
                       nal oscillator,
    7 00000000         ; which can vary by +/- 1% at room temperature and +/- 3
                       % across all
    8 00000000         ; temperature ranges.  If you are using this module, you
                        may need more
    9 00000000         ; precise timing, so it is assumed that you are using th
                       e PLL to set
   10 00000000         ; the system clock to 50 MHz.  This matters for the func
                       tion
   11 00000000         ; SysTick_Wait10ms(), which will wait longer than 10 ms 
                       if the clock is
   12 00000000         ; slower.
   13 00000000         ; Daniel Valvano
   14 00000000         ; September 12, 2013
   15 00000000         
   16 00000000         ;  This example accompanies the book
   17 00000000         ;  "Embedded Systems: Introduction to ARM Cortex M Micro
                       controllers",
   18 00000000         ;  ISBN: 978-1469998749, Jonathan Valvano, copyright (c)
                        2014
   19 00000000         ;  Program 2.11, Section 2.6
   20 00000000         ;
   21 00000000         ;Copyright 2014 by Jonathan W. Valvano, valvano@mail.ute
                       xas.edu
   22 00000000         ;   You may use, edit, run or distribute this file
   23 00000000         ;   as long as the above copyright notice remains
   24 00000000         ;THIS SOFTWARE IS PROVIDED "AS IS".  NO WARRANTIES, WHET
                       HER EXPRESS, IMPLIED
   25 00000000         ;OR STATUTORY, INCLUDING, BUT NOT LIMITED TO, IMPLIED WA
                       RRANTIES OF
   26 00000000         ;MERCHANTABILITY AND FITNESS FOR A PARTICULAR PURPOSE AP
                       PLY TO THIS SOFTWARE.
   27 00000000         ;VALVANO SHALL NOT, IN ANY CIRCUMSTANCES, BE LIABLE FOR 
                       SPECIAL, INCIDENTAL,
   28 00000000         ;OR CONSEQUENTIAL DAMAGES, FOR ANY REASON WHATSOEVER.
   29 00000000         ;For more information about my classes, my research, and
                        my books, see
   30 00000000         ;http://users.ece.utexas.edu/~valvano/
   31 00000000         
   32 00000000 E000E010 
                       NVIC_ST_CTRL_R
                               EQU              0xE000E010
   33 00000000 E000E014 
                       NVIC_ST_RELOAD_R
                               EQU              0xE000E014
   34 00000000 E000E018 
                       NVIC_ST_CURRENT_R
                               EQU              0xE000E018
   35 00000000 00010000 
                       NVIC_ST_CTRL_COUNT



ARM Macro Assembler    Page 2 


                               EQU              0x00010000  ; Count flag
   36 00000000 00000004 
                       NVIC_ST_CTRL_CLK_SRC
                               EQU              0x00000004  ; Clock Source
   37 00000000 00000002 
                       NVIC_ST_CTRL_INTEN
                               EQU              0x00000002  ; Interrupt enable
   38 00000000 00000001 
                       NVIC_ST_CTRL_ENABLE
                               EQU              0x00000001  ; Counter mode
   39 00000000 00FFFFFF 
                       NVIC_ST_RELOAD_M
                               EQU              0x00FFFFFF  ; Counter load valu
                                                            e
   40 00000000         
   41 00000000                 AREA             |.text|, CODE, READONLY, ALIGN=
2
   42 00000000                 THUMB
   43 00000000                 EXPORT           SysTick_Init
   44 00000000                 EXPORT           SysTick_Wait
   45 00000000                 EXPORT           SysTick_Wait10ms
   46 00000000         
   47 00000000         ;------------SysTick_Init------------
   48 00000000         ; Initialize SysTick with busy wait running at bus clock
                       .
   49 00000000         ; Input: none
   50 00000000         ; Output: none
   51 00000000         ; Modifies: R0, R1
   52 00000000         SysTick_Init
   53 00000000         ; disable SysTick during setup
   54 00000000 4912            LDR              R1, =NVIC_ST_CTRL_R ; R1 = &NVI
                                                            C_ST_CTRL_R
   55 00000002 F04F 0000       MOV              R0, #0      ; R0 = 0
   56 00000006 6008            STR              R0, [R1]    ; [R1] = R0 = 0
   57 00000008         ; maximum reload value
   58 00000008 4911            LDR              R1, =NVIC_ST_RELOAD_R ; R1 = &N
                                                            VIC_ST_RELOAD_R
   59 0000000A 4812            LDR              R0, =NVIC_ST_RELOAD_M ;      ; 
                                                            R0 = NVIC_ST_RELOAD
                                                            _M
   60 0000000C 6008            STR              R0, [R1]    ; [R1] = R0 = NVIC_
                                                            ST_RELOAD_M
   61 0000000E         ; any write to current clears it
   62 0000000E 4912            LDR              R1, =NVIC_ST_CURRENT_R ; R1 = &
                                                            NVIC_ST_CURRENT_R
   63 00000010 F04F 0000       MOV              R0, #0      ; R0 = 0
   64 00000014 6008            STR              R0, [R1]    ; [R1] = R0 = 0
   65 00000016         ; enable SysTick with core clock
   66 00000016 490D            LDR              R1, =NVIC_ST_CTRL_R ; R1 = &NVI
                                                            C_ST_CTRL_R
   67 00000018         ; R0 = ENABLE and CLK_SRC bits set
   68 00000018 F04F 0005       MOV              R0, #(NVIC_ST_CTRL_ENABLE+NVIC_
ST_CTRL_CLK_SRC)
   69 0000001C 6008            STR              R0, [R1]    ; [R1] = R0 = (NVIC
                                                            _ST_CTRL_ENABLE|NVI
                                                            C_ST_CTRL_CLK_SRC)
   70 0000001E 4770            BX               LR          ; return
   71 00000020         
   72 00000020         ;------------SysTick_Wait------------



ARM Macro Assembler    Page 3 


   73 00000020         ; Time delay using busy wait.
   74 00000020         ; Input: R0  delay parameter in units of the core clock 
                       (units of 12.5 nsec for 80 MHz clock)
   75 00000020         ; Output: none
   76 00000020         ; Modifies: R0, R1, R3
   77 00000020         SysTick_Wait
   78 00000020 490B            LDR              R1, =NVIC_ST_RELOAD_R ; R1 = &N
                                                            VIC_ST_RELOAD_R
   79 00000022 F1A0 0001       SUB              R0, #1
   80 00000026 6008            STR              R0, [R1]    ;delay-1;  // numbe
                                                            r of counts to wait
                                                            
   81 00000028 4908            LDR              R1, =NVIC_ST_CTRL_R ; R1 = &NVI
                                                            C_ST_CTRL_R
   82 0000002A         SysTick_Wait_loop
   83 0000002A 680B            LDR              R3, [R1]    ; R3 = NVIC_ST_CTRL
                                                            _R
   84 0000002C F413 3380       ANDS             R3, R3, #0x00010000 
                                                            ; Count set?
   85 00000030 D0FB            BEQ              SysTick_Wait_loop
   86 00000032 4770            BX               LR          ; return
   87 00000034         
   88 00000034         ;------------SysTick_Wait10ms------------
   89 00000034         ; Time delay using busy wait.  This assumes 50 MHz clock
                       
   90 00000034         ; Input: R0  number of times to wait 10 ms before return
                       ing
   91 00000034         ; Output: none
   92 00000034         ; Modifies: R0
   93 00000034 000C3500 
                       DELAY10MS
                               EQU              800000      ; clock cycles in 1
                                                            0 ms (assumes 80 MH
                                                            z clock)
   94 00000034         SysTick_Wait10ms
   95 00000034 B510            PUSH             {R4, LR}    ; save current valu
                                                            e of R4 and LR
   96 00000036 0004            MOVS             R4, R0      ; R4 = R0 = remaini
                                                            ngWaits
   97 00000038 D004            BEQ              SysTick_Wait10ms_done 
                                                            ; R4 == 0, done
   98 0000003A         SysTick_Wait10ms_loop
   99 0000003A 4808            LDR              R0, =DELAY10MS ; R0 = DELAY10MS
                                                            
  100 0000003C F7FF FFFE       BL               SysTick_Wait ; wait 10 ms
  101 00000040 1E64            SUBS             R4, R4, #1  ; R4 = R4 - 1; rema
                                                            iningWaits--
  102 00000042 D8FA            BHI              SysTick_Wait10ms_loop ; if(R4 >
                                                             0), wait another 1
                                                            0 ms
  103 00000044         SysTick_Wait10ms_done
  104 00000044 E8BD 4010       POP              {R4, LR}    ; restore previous 
                                                            value of R4 and LR
  105 00000048 4770            BX               LR          ; return
  106 0000004A         
  107 0000004A 00 00           ALIGN                        ; make sure the end
                                                             of this section is
                                                             aligned
  108 0000004C                 END                          ; end of file



ARM Macro Assembler    Page 4 


              E000E010 
              E000E014 
              00FFFFFF 
              E000E018 
              000C3500 
Command Line: --debug --xref --cpu=Cortex-M4 --apcs=interwork --depend=.\systic
k.d -o.\systick.o -IC:\Keil\ARM\RV31\INC -IC:\Keil\ARM\CMSIS\Include -IC:\Keil\
ARM\Inc\Luminary --predefine="__EVAL SETA 1" --list=.\systick.lst SysTick_4C123
asm\SysTick.s



ARM Macro Assembler    Page 1 Alphabetic symbol ordering
Relocatable symbols

.text 00000000

Symbol: .text
   Definitions
      At line 41 in file SysTick_4C123asm\SysTick.s
   Uses
      None
Comment: .text unused
SysTick_Init 00000000

Symbol: SysTick_Init
   Definitions
      At line 52 in file SysTick_4C123asm\SysTick.s
   Uses
      At line 43 in file SysTick_4C123asm\SysTick.s
Comment: SysTick_Init used once
SysTick_Wait 00000020

Symbol: SysTick_Wait
   Definitions
      At line 77 in file SysTick_4C123asm\SysTick.s
   Uses
      At line 44 in file SysTick_4C123asm\SysTick.s
      At line 100 in file SysTick_4C123asm\SysTick.s

SysTick_Wait10ms 00000034

Symbol: SysTick_Wait10ms
   Definitions
      At line 94 in file SysTick_4C123asm\SysTick.s
   Uses
      At line 45 in file SysTick_4C123asm\SysTick.s
Comment: SysTick_Wait10ms used once
SysTick_Wait10ms_done 00000044

Symbol: SysTick_Wait10ms_done
   Definitions
      At line 103 in file SysTick_4C123asm\SysTick.s
   Uses
      At line 97 in file SysTick_4C123asm\SysTick.s
Comment: SysTick_Wait10ms_done used once
SysTick_Wait10ms_loop 0000003A

Symbol: SysTick_Wait10ms_loop
   Definitions
      At line 98 in file SysTick_4C123asm\SysTick.s
   Uses
      At line 102 in file SysTick_4C123asm\SysTick.s
Comment: SysTick_Wait10ms_loop used once
SysTick_Wait_loop 0000002A

Symbol: SysTick_Wait_loop
   Definitions
      At line 82 in file SysTick_4C123asm\SysTick.s
   Uses
      At line 85 in file SysTick_4C123asm\SysTick.s
Comment: SysTick_Wait_loop used once
7 symbols



ARM Macro Assembler    Page 1 Alphabetic symbol ordering
Absolute symbols

DELAY10MS 000C3500

Symbol: DELAY10MS
   Definitions
      At line 93 in file SysTick_4C123asm\SysTick.s
   Uses
      At line 99 in file SysTick_4C123asm\SysTick.s
Comment: DELAY10MS used once
NVIC_ST_CTRL_CLK_SRC 00000004

Symbol: NVIC_ST_CTRL_CLK_SRC
   Definitions
      At line 36 in file SysTick_4C123asm\SysTick.s
   Uses
      At line 68 in file SysTick_4C123asm\SysTick.s
Comment: NVIC_ST_CTRL_CLK_SRC used once
NVIC_ST_CTRL_COUNT 00010000

Symbol: NVIC_ST_CTRL_COUNT
   Definitions
      At line 35 in file SysTick_4C123asm\SysTick.s
   Uses
      None
Comment: NVIC_ST_CTRL_COUNT unused
NVIC_ST_CTRL_ENABLE 00000001

Symbol: NVIC_ST_CTRL_ENABLE
   Definitions
      At line 38 in file SysTick_4C123asm\SysTick.s
   Uses
      At line 68 in file SysTick_4C123asm\SysTick.s
Comment: NVIC_ST_CTRL_ENABLE used once
NVIC_ST_CTRL_INTEN 00000002

Symbol: NVIC_ST_CTRL_INTEN
   Definitions
      At line 37 in file SysTick_4C123asm\SysTick.s
   Uses
      None
Comment: NVIC_ST_CTRL_INTEN unused
NVIC_ST_CTRL_R E000E010

Symbol: NVIC_ST_CTRL_R
   Definitions
      At line 32 in file SysTick_4C123asm\SysTick.s
   Uses
      At line 54 in file SysTick_4C123asm\SysTick.s
      At line 66 in file SysTick_4C123asm\SysTick.s
      At line 81 in file SysTick_4C123asm\SysTick.s

NVIC_ST_CURRENT_R E000E018

Symbol: NVIC_ST_CURRENT_R
   Definitions
      At line 34 in file SysTick_4C123asm\SysTick.s
   Uses
      At line 62 in file SysTick_4C123asm\SysTick.s
Comment: NVIC_ST_CURRENT_R used once
NVIC_ST_RELOAD_M 00FFFFFF



ARM Macro Assembler    Page 2 Alphabetic symbol ordering
Absolute symbols


Symbol: NVIC_ST_RELOAD_M
   Definitions
      At line 39 in file SysTick_4C123asm\SysTick.s
   Uses
      At line 59 in file SysTick_4C123asm\SysTick.s
Comment: NVIC_ST_RELOAD_M used once
NVIC_ST_RELOAD_R E000E014

Symbol: NVIC_ST_RELOAD_R
   Definitions
      At line 33 in file SysTick_4C123asm\SysTick.s
   Uses
      At line 58 in file SysTick_4C123asm\SysTick.s
      At line 78 in file SysTick_4C123asm\SysTick.s

9 symbols
349 symbols in table
